<?xml version="1.0" encoding="UTF-8"?>
<!-- Generated by org.testng.reporters.JUnitXMLReporter -->
<testsuite ignored="2" hostname="DESKTOP-3R5TTIF" failures="0" tests="1" name="Default test" time="67.732" errors="0" timestamp="2025-12-19T13:33:35 IST">
  <testcase classname="contactModule.ContactScenariosTest" name="createConTest" time="48.613"/>
  <testcase classname="contactModule.ContactScenariosTest" name="conWithSuppDateTest" time="0.0">
    <ignored/>
  </testcase> <!-- conWithSuppDateTest -->
  <testcase classname="contactModule.ContactScenariosTest" name="conWithOrgTest" time="0.0">
    <ignored/>
  </testcase> <!-- conWithOrgTest -->
</testsuite> <!-- Default test -->
