<?xml version="1.0" encoding="UTF-8"?>
<!-- Generated by org.testng.reporters.JUnitXMLReporter -->
<testsuite ignored="0" hostname="DESKTOP-3R5TTIF" failures="0" tests="3" name="Test_t2" time="93.981" errors="0" timestamp="2025-12-12T12:41:18 IST">
  <testcase classname="organizationModule.OrgScenariosTest" name="OrgWithIndAndTypeTest" time="31.545"/>
  <testcase classname="organizationModule.OrgScenariosTest" name="createOrgTest" time="30.613"/>
  <testcase classname="organizationModule.OrgScenariosTest" name="createOrgWithPhnoTest" time="31.767"/>
</testsuite> <!-- Test_t2 -->
