<?xml version="1.0" encoding="UTF-8"?>
<!-- Generated by org.testng.reporters.JUnitXMLReporter -->
<testsuite ignored="4" hostname="DESKTOP-3R5TTIF" failures="0" tests="6" name="Test_chrome" time="295.198" errors="0" timestamp="2025-12-19T11:51:30 IST">
  <testcase classname="contactModule.ContactScenariosTest" name="conWithOrgTest" time="92.531"/>
  <testcase classname="contactModule.ContactScenariosTest" name="conWithSuppDateTest" time="26.877"/>
  <testcase classname="contactModule.ContactScenariosTest" name="createConTest" time="22.934"/>
  <testcase classname="organizationModule.OrgScenariosTest" name="OrgWithIndAndTypeTest" time="23.398"/>
  <testcase classname="organizationModule.OrgScenariosTest" name="createOrgTest" time="19.151"/>
  <testcase classname="organizationModule.OrgScenariosTest" name="createOrgWithPhnoTest" time="18.557"/>
  <testcase classname="BaseClassUtility.BaseClass" name="@AfterSuite disconnectWithDatabase" time="0.0">
    <ignored/>
  </testcase> <!-- @AfterSuite disconnectWithDatabase -->
  <testcase classname="BaseClassUtility.BaseClass" name="@BeforeTest configParallelExe" time="0.0">
    <ignored/>
  </testcase> <!-- @BeforeTest configParallelExe -->
  <testcase classname="BaseClassUtility.BaseClass" name="@AfterTest closeParallelExe" time="0.0">
    <ignored/>
  </testcase> <!-- @AfterTest closeParallelExe -->
  <testcase classname="BaseClassUtility.BaseClass" name="@BeforeSuite connectToDatabase" time="0.0">
    <ignored/>
  </testcase> <!-- @BeforeSuite connectToDatabase -->
</testsuite> <!-- Test_chrome -->
