<?xml version="1.0" encoding="UTF-8"?>
<!-- Generated by org.testng.reporters.JUnitXMLReporter -->
<testsuite ignored="4" hostname="DESKTOP-3R5TTIF" failures="1" tests="11" name="Test_firefox" time="243.513" errors="0" timestamp="2025-12-19T11:50:38 IST">
  <testcase classname="contactModule.ContactScenariosTest" name="conWithOrgTest" time="29.152">
    <skipped/>
  </testcase> <!-- conWithOrgTest -->
  <testcase classname="contactModule.ContactScenariosTest" name="conWithOrgTest" time="10.86">
    <skipped/>
  </testcase> <!-- conWithOrgTest -->
  <testcase classname="contactModule.ContactScenariosTest" name="conWithOrgTest" time="10.523">
    <skipped/>
  </testcase> <!-- conWithOrgTest -->
  <testcase classname="contactModule.ContactScenariosTest" name="conWithOrgTest" time="10.677">
    <skipped/>
  </testcase> <!-- conWithOrgTest -->
  <testcase classname="contactModule.ContactScenariosTest" name="conWithOrgTest" time="10.681">
    <skipped/>
  </testcase> <!-- conWithOrgTest -->
  <testcase classname="contactModule.ContactScenariosTest" name="conWithOrgTest" time="10.772">
    <failure type="org.openqa.selenium.NoSuchElementException" message="Unable to locate element: Home
For documentation on this error, please visit: https://www.selenium.dev/documentation/webdriver/troubleshooting/errors#nosuchelementexception
Build info: version: &amp;apos;4.38.0&amp;apos;, revision: &amp;apos;6b412e825c*&amp;apos;
System info: os.name: &amp;apos;Windows 11&amp;apos;, os.arch: &amp;apos;amd64&amp;apos;, os.version: &amp;apos;10.0&amp;apos;, java.version: &amp;apos;23.0.1&amp;apos;
Driver info: org.openqa.selenium.firefox.FirefoxDriver
Command: [67186b7d-eca1-4a84-bf6f-644bda856cf1, findElement {using=partial link text, value=Home}]
Capabilities {acceptInsecureCerts: true, browserName: firefox, browserVersion: 146.0.1, moz:accessibilityChecks: false, moz:buildID: 20251217121356, moz:geckodriverVersion: 0.36.0, moz:headless: false, moz:platformVersion: 10.0, moz:processID: 19024, moz:profile: C:\Users\LENOVO~1\AppData\L..., moz:shutdownTimeout: 60000, moz:webdriverClick: true, moz:windowless: false, pageLoadStrategy: normal, platformName: windows, proxy: Proxy(), setWindowRect: true, strictFileInteractability: false, timeouts: {implicit: 0, pageLoad: 300000, script: 30000}, unhandledPromptBehavior: dismiss and notify, userAgent: Mozilla/5.0 (Windows NT 10....}
Session ID: 67186b7d-eca1-4a84-bf6f-644bda856cf1">
      <![CDATA[org.openqa.selenium.NoSuchElementException: Unable to locate element: Home
For documentation on this error, please visit: https://www.selenium.dev/documentation/webdriver/troubleshooting/errors#nosuchelementexception
Build info: version: '4.38.0', revision: '6b412e825c*'
System info: os.name: 'Windows 11', os.arch: 'amd64', os.version: '10.0', java.version: '23.0.1'
Driver info: org.openqa.selenium.firefox.FirefoxDriver
Command: [67186b7d-eca1-4a84-bf6f-644bda856cf1, findElement {using=partial link text, value=Home}]
Capabilities {acceptInsecureCerts: true, browserName: firefox, browserVersion: 146.0.1, moz:accessibilityChecks: false, moz:buildID: 20251217121356, moz:geckodriverVersion: 0.36.0, moz:headless: false, moz:platformVersion: 10.0, moz:processID: 19024, moz:profile: C:\Users\LENOVO~1\AppData\L..., moz:shutdownTimeout: 60000, moz:webdriverClick: true, moz:windowless: false, pageLoadStrategy: normal, platformName: windows, proxy: Proxy(), setWindowRect: true, strictFileInteractability: false, timeouts: {implicit: 0, pageLoad: 300000, script: 30000}, unhandledPromptBehavior: dismiss and notify, userAgent: Mozilla/5.0 (Windows NT 10....}
Session ID: 67186b7d-eca1-4a84-bf6f-644bda856cf1
at org.openqa.selenium.remote.ErrorCodec.decode(ErrorCodec.java:167)
at org.openqa.selenium.remote.codec.w3c.W3CHttpResponseCodec.decode(W3CHttpResponseCodec.java:138)
at org.openqa.selenium.remote.codec.w3c.W3CHttpResponseCodec.decode(W3CHttpResponseCodec.java:50)
at org.openqa.selenium.remote.HttpCommandExecutor.execute(HttpCommandExecutor.java:215)
at org.openqa.selenium.remote.service.DriverCommandExecutor.invokeExecute(DriverCommandExecutor.java:216)
at org.openqa.selenium.remote.service.DriverCommandExecutor.execute(DriverCommandExecutor.java:174)
at org.openqa.selenium.remote.RemoteWebDriver.execute(RemoteWebDriver.java:557)
at org.openqa.selenium.remote.ElementLocation$ElementFinder$2.findElement(ElementLocation.java:165)
at org.openqa.selenium.remote.ElementLocation.findElement(ElementLocation.java:59)
at org.openqa.selenium.remote.RemoteWebDriver.findElement(RemoteWebDriver.java:380)
at org.openqa.selenium.remote.RemoteWebDriver.findElement(RemoteWebDriver.java:374)
at org.openqa.selenium.support.pagefactory.DefaultElementLocator.findElement(DefaultElementLocator.java:68)
at org.openqa.selenium.support.pagefactory.internal.LocatingElementHandler.invoke(LocatingElementHandler.java:38)
at jdk.proxy2/jdk.proxy2.$Proxy19.getText(Unknown Source)
at POMUtilities.HomePompage.getHomeheader(HomePompage.java:36)
at contactModule.ContactScenariosTest.conWithOrgTest(ContactScenariosTest.java:104)
at java.base/java.util.ArrayList.forEach(ArrayList.java:1597)
at java.base/java.util.concurrent.FutureTask.run(FutureTask.java:317)
at java.base/java.util.concurrent.ThreadPoolExecutor.runWorker(ThreadPoolExecutor.java:1144)
at java.base/java.util.concurrent.ThreadPoolExecutor$Worker.run(ThreadPoolExecutor.java:642)
at java.base/java.lang.Thread.run(Thread.java:1575)
... Removed 18 stack frames]]>
    </failure>
  </testcase> <!-- conWithOrgTest -->
  <testcase classname="contactModule.ContactScenariosTest" name="conWithSuppDateTest" time="0.0">
    <skipped/>
  </testcase> <!-- conWithSuppDateTest -->
  <testcase classname="contactModule.ContactScenariosTest" name="createConTest" time="0.001">
    <skipped/>
  </testcase> <!-- createConTest -->
  <testcase classname="organizationModule.OrgScenariosTest" name="OrgWithIndAndTypeTest" time="27.172"/>
  <testcase classname="organizationModule.OrgScenariosTest" name="createOrgTest" time="28.045"/>
  <testcase classname="organizationModule.OrgScenariosTest" name="createOrgWithPhnoTest" time="0.0">
    <skipped/>
  </testcase> <!-- createOrgWithPhnoTest -->
  <testcase classname="BaseClassUtility.BaseClass" name="@AfterTest closeParallelExe" time="0.0">
    <ignored/>
  </testcase> <!-- @AfterTest closeParallelExe -->
  <testcase classname="BaseClassUtility.BaseClass" name="@BeforeSuite connectToDatabase" time="0.0">
    <ignored/>
  </testcase> <!-- @BeforeSuite connectToDatabase -->
  <testcase classname="BaseClassUtility.BaseClass" name="@AfterSuite disconnectWithDatabase" time="0.0">
    <ignored/>
  </testcase> <!-- @AfterSuite disconnectWithDatabase -->
  <testcase classname="BaseClassUtility.BaseClass" name="@BeforeTest configParallelExe" time="0.0">
    <ignored/>
  </testcase> <!-- @BeforeTest configParallelExe -->
</testsuite> <!-- Test_firefox -->
