<?xml version="1.0" encoding="UTF-8"?>
<!-- Generated by org.testng.reporters.JUnitXMLReporter -->
<testsuite ignored="0" hostname="DESKTOP-3R5TTIF" failures="0" tests="3" name="Test_t1" time="109.563" errors="0" timestamp="2025-12-12T12:41:33 IST">
  <testcase classname="contactModule.ContactScenariosTest" name="conWithOrgTest" time="49.492"/>
  <testcase classname="contactModule.ContactScenariosTest" name="conWithSuppDateTest" time="31.026"/>
  <testcase classname="contactModule.ContactScenariosTest" name="createConTest" time="29.002"/>
</testsuite> <!-- Test_t1 -->
