<?xml version="1.0" encoding="UTF-8"?>
<!-- Generated by org.testng.reporters.JUnitXMLReporter -->
<testsuite ignored="4" hostname="DESKTOP-3R5TTIF" failures="0" tests="6" name="Test" time="171.89" errors="0" timestamp="2025-12-18T13:16:22 IST">
  <testcase classname="contactModule.ContactScenariosTest" name="conWithOrgTest" time="35.128"/>
  <testcase classname="contactModule.ContactScenariosTest" name="conWithSuppDateTest" time="16.221"/>
  <testcase classname="contactModule.ContactScenariosTest" name="createConTest" time="15.961"/>
  <testcase classname="organizationModule.OrgScenariosTest" name="OrgWithIndAndTypeTest" time="15.7"/>
  <testcase classname="organizationModule.OrgScenariosTest" name="createOrgTest" time="18.99"/>
  <testcase classname="organizationModule.OrgScenariosTest" name="createOrgWithPhnoTest" time="19.742"/>
  <testcase classname="BaseClassUtility.BaseClass" name="@AfterTest closeParallelExe" time="0.0">
    <ignored/>
  </testcase> <!-- @AfterTest closeParallelExe -->
  <testcase classname="BaseClassUtility.BaseClass" name="@AfterSuite disconnectWithDatabase" time="0.0">
    <ignored/>
  </testcase> <!-- @AfterSuite disconnectWithDatabase -->
  <testcase classname="BaseClassUtility.BaseClass" name="@BeforeTest configParallelExe" time="0.0">
    <ignored/>
  </testcase> <!-- @BeforeTest configParallelExe -->
  <testcase classname="BaseClassUtility.BaseClass" name="@BeforeSuite connectToDatabase" time="0.0">
    <ignored/>
  </testcase> <!-- @BeforeSuite connectToDatabase -->
</testsuite> <!-- Test -->
