<?xml version="1.0" encoding="UTF-8"?>
<testng-results ignored="0" total="1" passed="1" failed="0" skipped="0">
  <reporter-output>
    <line>
      <![CDATA[Suite Execution started -Adv report configuration]]>
    </line>
    <line>
      <![CDATA[Get connection with the Database]]>
    </line>
    <line>
      <![CDATA[Configuration of parallel execution]]>
    </line>
    <line>
      <![CDATA[Launch the browser]]>
    </line>
    <line>
      <![CDATA[Login to the application]]>
    </line>
    <line>
      <![CDATA[createConTest : Test Execution Started]]>
    </line>
    <line>
      <![CDATA[createConTest : Test Execution Success]]>
    </line>
    <line>
      <![CDATA[Logout from the application]]>
    </line>
    <line>
      <![CDATA[Quit the Browser]]>
    </line>
    <line>
      <![CDATA[Close Parallel Execution]]>
    </line>
    <line>
      <![CDATA[Disconnect with the Database]]>
    </line>
  </reporter-output>
  <suite started-at="2025-12-19T13:32:27 IST" name="Default suite" finished-at="2025-12-19T13:33:35 IST" duration-ms="67732">
    <groups>
      <group name="smoke">
        <method signature="ContactScenariosTest.createConTest()[pri:0, instance:contactModule.ContactScenariosTest@13b6aecc]" name="createConTest" class="contactModule.ContactScenariosTest"/>
      </group> <!-- smoke -->
    </groups>
    <test started-at="2025-12-19T13:32:27 IST" name="Default test" finished-at="2025-12-19T13:33:35 IST" duration-ms="67732">
      <class name="contactModule.ContactScenariosTest">
        <test-method is-config="true" signature="connectToDatabase()[pri:0, instance:contactModule.ContactScenariosTest@13b6aecc]" started-at="2025-12-19T13:32:27 IST" name="connectToDatabase" finished-at="2025-12-19T13:32:27 IST" duration-ms="333" status="PASS">
          <reporter-output>
            <line>
              <![CDATA[Get connection with the Database]]>
            </line>
          </reporter-output>
        </test-method> <!-- connectToDatabase -->
        <test-method is-config="true" signature="configParallelExe()[pri:0, instance:contactModule.ContactScenariosTest@13b6aecc]" started-at="2025-12-19T13:32:28 IST" name="configParallelExe" finished-at="2025-12-19T13:32:28 IST" duration-ms="0" status="PASS">
          <reporter-output>
            <line>
              <![CDATA[Configuration of parallel execution]]>
            </line>
          </reporter-output>
        </test-method> <!-- configParallelExe -->
        <test-method is-config="true" signature="launchTheBrowser()[pri:0, instance:contactModule.ContactScenariosTest@13b6aecc]" started-at="2025-12-19T13:32:28 IST" name="launchTheBrowser" finished-at="2025-12-19T13:32:29 IST" duration-ms="1678" status="PASS">
          <reporter-output>
            <line>
              <![CDATA[Launch the browser]]>
            </line>
          </reporter-output>
        </test-method> <!-- launchTheBrowser -->
        <test-method is-config="true" signature="login()[pri:0, instance:contactModule.ContactScenariosTest@13b6aecc]" started-at="2025-12-19T13:32:29 IST" name="login" finished-at="2025-12-19T13:32:41 IST" duration-ms="11576" status="PASS">
          <reporter-output>
            <line>
              <![CDATA[Login to the application]]>
            </line>
          </reporter-output>
        </test-method> <!-- login -->
        <test-method signature="createConTest()[pri:0, instance:contactModule.ContactScenariosTest@13b6aecc]" started-at="2025-12-19T13:32:41 IST" name="createConTest" finished-at="2025-12-19T13:33:29 IST" duration-ms="48613" status="PASS">
          <reporter-output>
            <line>
              <![CDATA[createConTest : Test Execution Started]]>
            </line>
            <line>
              <![CDATA[createConTest : Test Execution Success]]>
            </line>
          </reporter-output>
        </test-method> <!-- createConTest -->
        <test-method is-config="true" signature="logout()[pri:0, instance:contactModule.ContactScenariosTest@13b6aecc]" started-at="2025-12-19T13:33:29 IST" name="logout" finished-at="2025-12-19T13:33:35 IST" duration-ms="5527" status="PASS">
          <reporter-output>
            <line>
              <![CDATA[Logout from the application]]>
            </line>
          </reporter-output>
        </test-method> <!-- logout -->
        <test-method is-config="true" signature="quitTheBrowser()[pri:0, instance:contactModule.ContactScenariosTest@13b6aecc]" started-at="2025-12-19T13:33:35 IST" name="quitTheBrowser" finished-at="2025-12-19T13:33:35 IST" duration-ms="297" status="PASS">
          <reporter-output>
            <line>
              <![CDATA[Quit the Browser]]>
            </line>
          </reporter-output>
        </test-method> <!-- quitTheBrowser -->
        <test-method is-config="true" signature="closeParallelExe()[pri:0, instance:contactModule.ContactScenariosTest@13b6aecc]" started-at="2025-12-19T13:33:35 IST" name="closeParallelExe" finished-at="2025-12-19T13:33:35 IST" duration-ms="0" status="PASS">
          <reporter-output>
            <line>
              <![CDATA[Close Parallel Execution]]>
            </line>
          </reporter-output>
        </test-method> <!-- closeParallelExe -->
        <test-method is-config="true" signature="disconnectWithDatabase()[pri:0, instance:contactModule.ContactScenariosTest@13b6aecc]" started-at="2025-12-19T13:33:35 IST" name="disconnectWithDatabase" finished-at="2025-12-19T13:33:35 IST" duration-ms="3" status="PASS">
          <reporter-output>
            <line>
              <![CDATA[Disconnect with the Database]]>
            </line>
          </reporter-output>
        </test-method> <!-- disconnectWithDatabase -->
      </class> <!-- contactModule.ContactScenariosTest -->
    </test> <!-- Default test -->
  </suite> <!-- Default suite -->
</testng-results>
