<?xml version="1.0" encoding="UTF-8"?>
<!-- Generated by org.testng.reporters.JUnitReportReporter -->
<testsuite hostname="DESKTOP-3R5TTIF" failures="0" tests="1" name="contactModule.ContactScenariosTest" time="65.716" errors="0" timestamp="2025-12-19T13:33:36 IST" skipped="0">
  <testcase classname="contactModule.ContactScenariosTest" name="createConTest" time="65.716">
    <system-out>
      <![CDATA[createConTest : Test Execution Started
createConTest : Test Execution Success]]>
    </system-out>
  </testcase> <!-- createConTest -->
  <system-out>
    <![CDATA[Suite Execution started -Adv report configuration
Get connection with the Database
Configuration of parallel execution
Launch the browser
Login to the application
createConTest : Test Execution Started
createConTest : Test Execution Success
Logout from the application
Quit the Browser
Close Parallel Execution
Disconnect with the Database]]>
  </system-out>
</testsuite> <!-- contactModule.ContactScenariosTest -->
